{
  "RSpec": {
    "coverage": {
      "/home/jacek/ruby/fyber_challenge2/application.rb": [
        null,
        null,
        1,
        1,
        1,
        1,
        1,
        1,
        1,
        1,
        1,
        null,
        1,
        1,
        1,
        1,
        1,
        1,
        null,
        1,
        1,
        null,
        null,
        1,
        1,
        1,
        null,
        1,
        1,
        1,
        null
      ],
      "/home/jacek/ruby/fyber_challenge2/lib/db_config.rb": [
        1,
        null,
        1,
        1,
        null,
        1,
        1,
        1,
        1,
        null,
        null,
        1,
        1,
        1,
        1,
        null,
        1,
        0,
        0,
        null,
        1,
        null,
        null,
        1,
        null,
        1,
        2,
        null,
        null
      ],
      "/home/jacek/ruby/fyber_challenge2/config/config.rb": [
        1,
        1,
        1,
        1,
        null
      ],
      "/home/jacek/ruby/fyber_challenge2/config/environment.rb": [
        1,
        1,
        null,
        1,
        1,
        1
      ],
      "/home/jacek/ruby/fyber_challenge2/lib/models.rb": [
        1,
        1,
        4,
        null
      ],
      "/home/jacek/ruby/fyber_challenge2/lib/models/package.rb": [
        1,
        1,
        null,
        null,
        1,
        2,
        2,
        2,
        2,
        null,
        2,
        2,
        2,
        2,
        2,
        2,
        2,
        null,
        null,
        1,
        null,
        1,
        2,
        2,
        2,
        10,
        10,
        null,
        2,
        null,
        null,
        1,
        2,
        2,
        null,
        0,
        0,
        null,
        2,
        null,
        null
      ],
      "/home/jacek/ruby/fyber_challenge2/lib/models/package_author.rb": [
        1,
        1,
        null,
        1,
        1,
        null
      ],
      "/home/jacek/ruby/fyber_challenge2/lib/models/author.rb": [
        1,
        1,
        1,
        1,
        null
      ],
      "/home/jacek/ruby/fyber_challenge2/lib/models/package_version.rb": [
        1,
        1,
        1,
        1,
        1,
        null
      ],
      "/home/jacek/ruby/fyber_challenge2/lib/helpers.rb": [
        1,
        1,
        1,
        null
      ],
      "/home/jacek/ruby/fyber_challenge2/lib/helpers/tools.rb": [
        1,
        1,
        1,
        1,
        1,
        1,
        1,
        1,
        1,
        null,
        17,
        1,
        1,
        1,
        null,
        17,
        17,
        null,
        null,
        0,
        0,
        0,
        null,
        null,
        null,
        1,
        1,
        1,
        1,
        null,
        null
      ],
      "/home/jacek/ruby/fyber_challenge2/lib/jobs.rb": [
        1,
        1,
        1,
        null
      ],
      "/home/jacek/ruby/fyber_challenge2/lib/jobs/package_job.rb": [
        1,
        1,
        1,
        1,
        1,
        2,
        2,
        2,
        2,
        2,
        null,
        null,
        null,
        null,
        1,
        2,
        2,
        null,
        1,
        1,
        null,
        1,
        1,
        null,
        null,
        null,
        null
      ],
      "/home/jacek/ruby/fyber_challenge2/lib/workers.rb": [
        1,
        1,
        1,
        null,
        null,
        null
      ],
      "/home/jacek/ruby/fyber_challenge2/lib/workers/refresh_package_worker.rb": [
        1,
        1,
        1,
        null,
        2,
        null,
        1,
        0,
        null,
        null
      ],
      "/home/jacek/ruby/fyber_challenge2/spec/lib/helpers/tools_spec.rb": [
        1,
        null,
        1,
        1,
        1,
        1,
        1,
        null,
        null,
        null,
        1,
        1,
        null,
        null,
        null,
        null,
        null,
        null,
        null,
        null,
        null,
        null,
        null,
        null,
        null,
        null,
        1,
        null,
        1,
        1,
        1,
        null,
        1,
        1,
        1,
        1,
        null,
        null,
        null,
        1,
        1,
        1,
        1,
        null,
        1,
        2,
        null,
        null,
        null
      ],
      "/home/jacek/ruby/fyber_challenge2/spec/lib/jobs/package_job_spec.rb": [
        1,
        null,
        1,
        1,
        1,
        1,
        null,
        null,
        null,
        null,
        null,
        2,
        null,
        null,
        1,
        null,
        null,
        null,
        null,
        null,
        null,
        null,
        null,
        null,
        null,
        null,
        null,
        null,
        null,
        2,
        null,
        1,
        2,
        2,
        null,
        1,
        1,
        1,
        1,
        1,
        null,
        1,
        1,
        1,
        null,
        null,
        null,
        null,
        1,
        1,
        1,
        1,
        null,
        1,
        1,
        null,
        null,
        null,
        null
      ],
      "/home/jacek/ruby/fyber_challenge2/spec/lib/models/authors_spec.rb": [
        1,
        null,
        1,
        1,
        2,
        2,
        null,
        null
      ],
      "/home/jacek/ruby/fyber_challenge2/spec/lib/models/package_spec.rb": [
        1,
        null,
        1,
        1,
        2,
        null,
        null
      ],
      "/home/jacek/ruby/fyber_challenge2/spec/lib/models/package_version_spec.rb": [
        1,
        null,
        1,
        null,
        null,
        null,
        null,
        null,
        null,
        1,
        2,
        2,
        2,
        2,
        2,
        2,
        2,
        null,
        null
      ],
      "/home/jacek/ruby/fyber_challenge2/spec/lib/workers/refresh_page_worker_spec.rb": [
        1,
        null,
        1,
        1,
        1,
        1,
        1,
        null,
        1,
        1,
        null,
        1,
        1,
        null,
        1,
        1,
        null,
        null,
        null,
        1,
        4,
        null,
        null,
        1,
        2,
        2,
        null,
        2,
        null,
        null
      ]
    },
    "timestamp": 1443783600
  }
}
